<?xml version="1.0" encoding="UTF-8"?>
<!-- Generated by org.testng.reporters.JUnitReportReporter -->
<testsuite skipped="0" hostname="WJ30233" name="com.wally.test.testUnit" tests="1" failures="0" timestamp="29 六月 2017 10:21:36 GMT" time="0.006" errors="0">
  <testcase name="testUnit01" time="0.006" classname="com.wally.test.testUnit"/>
</testsuite> <!-- com.wally.test.testUnit -->
